  stdafx.cpp
  AudioCaptureFactory.cpp
C:\Program Files (x86)\Microsoft SDKs\Windows\v7.1A\include\ksmedia.h(1383): warning C4091: “typedef ”: 没有声明变量时忽略“”的左侧
C:\Program Files (x86)\Microsoft SDKs\Windows\v7.1A\include\ksmedia.h(4356): warning C4091: “typedef ”: 没有声明变量时忽略“”的左侧
  CMediaFileRecorder.cpp
CMediaFileRecorder.cpp(135): warning C4996: 'AVStream::codec': 被声明为已否决
  E:\WinProjects\ScreenRecoder\ScreenRecoder.Core\ffmpeg\include\libavformat/avformat.h(880): note: 参见“AVStream::codec”的声明
CMediaFileRecorder.cpp(256): warning C4996: 'AVStream::codec': 被声明为已否决
  E:\WinProjects\ScreenRecoder\ScreenRecoder.Core\ffmpeg\include\libavformat/avformat.h(880): note: 参见“AVStream::codec”的声明
CMediaFileRecorder.cpp(459): warning C4996: 'avcodec_encode_video2': 被声明为已否决
  E:\WinProjects\ScreenRecoder\ScreenRecoder.Core\ffmpeg\include\libavcodec/avcodec.h(5261): note: 参见“avcodec_encode_video2”的声明
CMediaFileRecorder.cpp(539): warning C4996: 'avcodec_encode_audio2': 被声明为已否决
  E:\WinProjects\ScreenRecoder\ScreenRecoder.Core\ffmpeg\include\libavcodec/avcodec.h(5222): note: 参见“avcodec_encode_audio2”的声明
CMediaFileRecorder.cpp(576): warning C4244: “=”: 从“double”转换到“float”，可能丢失数据
CMediaFileRecorder.cpp(580): warning C4244: “=”: 从“double”转换到“float”，可能丢失数据
  CScreenAudioRecord.cpp
  CScreenAudioRecord_C.cpp
  CScreenDXGrabber.cpp
  CScreenGdiGrabber.cpp
  CWASAudioCapture.cpp
C:\Program Files (x86)\Microsoft SDKs\Windows\v7.1A\include\ksmedia.h(1383): warning C4091: “typedef ”: 没有声明变量时忽略“”的左侧
C:\Program Files (x86)\Microsoft SDKs\Windows\v7.1A\include\ksmedia.h(4356): warning C4091: “typedef ”: 没有声明变量时忽略“”的左侧
  CWAVEAudioCapture.cpp
  log.cpp
  ScreenGrabberFactory.cpp
  system_info.cpp
C:\Program Files (x86)\Microsoft SDKs\Windows\v7.1A\include\shlobj.h(1151): warning C4091: “typedef ”: 没有声明变量时忽略“tagGPFIDL_FLAGS”的左侧
  dllmain.cpp
    正在创建库 E:\WinProjects\ScreenRecoder\Release\ScreenRecoder.Core.lib 和对象 E:\WinProjects\ScreenRecoder\Release\ScreenRecoder.Core.exp
  正在生成代码
  All 767 functions were compiled because no usable IPDB/IOBJ from previous compilation was found.
  已完成代码的生成
  screen_audio_recorder.vcxproj -> E:\WinProjects\ScreenRecoder\Release\ScreenRecoder.Core.dll
